2025-04-04 11:04:13.625891 - Received CBT.V508.FILE519.PDS from FILE519.XMI 
2025-04-04 11:04:13.627015 - Found $$$#DATE.txt (text/plain) in CBT.V508.FILE519.PDS, moved to PDS/$$$#DATE
2025-04-04 11:04:13.627167 - Found @FILE519.txt (text/plain) in CBT.V508.FILE519.PDS, moved to PDS/@FILE519
2025-04-04 11:04:13.627310 - Found ASMLK.jcl (text/plain) in CBT.V508.FILE519.PDS, moved to PDS/ASMLK
2025-04-04 11:04:13.627813 - Found ASMLK4.jcl (text/plain) in CBT.V508.FILE519.PDS, moved to PDS/ASMLK4
2025-04-04 11:04:13.628279 - Found CBRTST.txt (text/plain) in CBT.V508.FILE519.PDS, moved to PDS/CBRTST
2025-04-04 11:04:13.628425 - Found CBRTST1.jcl (text/plain) in CBT.V508.FILE519.PDS, moved to PDS/CBRTST1
2025-04-04 11:04:13.628598 - Found TMLIBAUD.txt (text/plain) in CBT.V508.FILE519.PDS, moved to PDS/TMLIBAUD
2025-04-04 11:04:13.628740 - Found TMLIBA01.txt (text/plain) in CBT.V508.FILE519.PDS, moved to PDS/TMLIBA01
2025-04-04 11:04:13.628867 - Found TMLIBA02.txt (text/plain) in CBT.V508.FILE519.PDS, moved to PDS/TMLIBA02
2025-04-04 11:04:13.629022 - Found TMLIBA03.txt (text/plain) in CBT.V508.FILE519.PDS, moved to PDS/TMLIBA03
2025-04-04 11:04:13.629155 - Found TMLIBA04.txt (text/plain) in CBT.V508.FILE519.PDS, moved to PDS/TMLIBA04
2025-04-04 11:04:13.629271 - Found TMLIBA05.txt (text/plain) in CBT.V508.FILE519.PDS, moved to PDS/TMLIBA05
2025-04-04 11:04:13.629394 - Found TMLIBRUA.jcl (text/plain) in CBT.V508.FILE519.PDS, moved to PDS/TMLIBRUA
2025-04-04 11:04:13.629544 - Found TMLIBRUN.jcl (text/plain) in CBT.V508.FILE519.PDS, moved to PDS/TMLIBRUN
2025-04-04 11:04:13.629664 - Found TMLIBTM.txt (text/plain) in CBT.V508.FILE519.PDS, moved to PDS/TMLIBTM
2025-04-04 11:04:13.629780 - Found TMSBLDUE.jcl (text/plain) in CBT.V508.FILE519.PDS, moved to PDS/TMSBLDUE
2025-04-04 11:04:13.629898 - Found TMSUX2E.txt (text/plain) in CBT.V508.FILE519.PDS, moved to PDS/TMSUX2E
2025-04-04 11:04:13.630032 - Found TMSUX2U.txt (text/plain) in CBT.V508.FILE519.PDS, moved to PDS/TMSUX2U
2025-04-04 11:04:13.630165 - Found VOLRANGE.txt (text/plain) in CBT.V508.FILE519.PDS, moved to PDS/VOLRANGE
2025-04-04 11:04:13.630292 - Found VOLRANG1.txt (text/plain) in CBT.V508.FILE519.PDS, moved to PDS/VOLRANG1
